The system is: Windows - 10.0.18362 - AMD64
Compiling the C compiler identification source file "CMakeCCompilerId.c" succeeded.
Compiler:  
Build flags: 
Id flags:  

The output was:
0
Microsoft (R) Build Engine for .NET Framework 16.7.0+b89cb5fde 版
Copyright (C) Microsoft Corporation. 著作權所有，並保留一切權利。

已經開始建置於 2020/10/12 下午 05:05:28。
節點 1 (預設目標) 上的專案 "C:\Users\b1073\Desktop\computerGraphics\MazeVisibility-master\MazeVisibility-master\CMakeFiles\3.18.4\CompilerIdC\CompilerIdC.vcxproj"。
PrepareForBuild:
  正在建立目錄 "Debug\"。
  正在建立目錄 "Debug\CompilerIdC.tlog\"。
InitializeBuildStatus:
  由於指定了 "AlwaysCreate"，因此正在建立 "Debug\CompilerIdC.tlog\unsuccessfulbuild"。
ClCompile:
  C:\Program Files (x86)\Microsoft Visual Studio\2019\Community\VC\Tools\MSVC\14.27.29110\bin\HostX64\x64\CL.exe /c /nologo /W0 /WX- /diagnostics:column /Od /D _MBCS /Gm- /EHsc /RTC1 /MDd /GS /fp:precise /Zc:wchar_t /Zc:forScope /Zc:inline /Fo"Debug\\" /Fd"Debug\vc142.pdb" /Gd /TC /FC /errorReport:queue CMakeCCompilerId.c
  CMakeCCompilerId.c
Link:
  C:\Program Files (x86)\Microsoft Visual Studio\2019\Community\VC\Tools\MSVC\14.27.29110\bin\HostX64\x64\link.exe /ERRORREPORT:QUEUE /OUT:".\CompilerIdC.exe" /INCREMENTAL:NO /NOLOGO kernel32.lib user32.lib gdi32.lib winspool.lib comdlg32.lib advapi32.lib shell32.lib ole32.lib oleaut32.lib uuid.lib odbc32.lib odbccp32.lib /MANIFEST /MANIFESTUAC:"level='asInvoker' uiAccess='false'" /manifest:embed /PDB:".\CompilerIdC.pdb" /SUBSYSTEM:CONSOLE /TLBID:1 /DYNAMICBASE /NXCOMPAT /IMPLIB:".\CompilerIdC.lib" /MACHINE:X64 Debug\CMakeCCompilerId.obj
  CompilerIdC.vcxproj -> C:\Users\b1073\Desktop\computerGraphics\MazeVisibility-master\MazeVisibility-master\CMakeFiles\3.18.4\CompilerIdC\.\CompilerIdC.exe
PostBuildEvent:
  for %%i in (cl.exe) do @echo CMAKE_C_COMPILER=%%~$PATH:i
  :VCEnd
  CMAKE_C_COMPILER=C:\Program Files (x86)\Microsoft Visual Studio\2019\Community\VC\Tools\MSVC\14.27.29110\bin\Hostx64\x64\cl.exe
FinalizeBuildStatus:
  正在刪除檔案 "Debug\CompilerIdC.tlog\unsuccessfulbuild"。
  正在變更時間戳記 "Debug\CompilerIdC.tlog\CompilerIdC.lastbuildstate"。
專案 "C:\Users\b1073\Desktop\computerGraphics\MazeVisibility-master\MazeVisibility-master\CMakeFiles\3.18.4\CompilerIdC\CompilerIdC.vcxproj" (預設目標) 建置完成。

建置成功。
    0 個警告
    0 個錯誤

經過時間 00:00:00.80


Compilation of the C compiler identification source "CMakeCCompilerId.c" produced "CompilerIdC.exe"

Compilation of the C compiler identification source "CMakeCCompilerId.c" produced "CompilerIdC.vcxproj"

The C compiler identification is MSVC, found in "C:/Users/b1073/Desktop/computerGraphics/MazeVisibility-master/MazeVisibility-master/CMakeFiles/3.18.4/CompilerIdC/CompilerIdC.exe"

Compiling the CXX compiler identification source file "CMakeCXXCompilerId.cpp" succeeded.
Compiler:  
Build flags: 
Id flags:  

The output was:
0
Microsoft (R) Build Engine for .NET Framework 16.7.0+b89cb5fde 版
Copyright (C) Microsoft Corporation. 著作權所有，並保留一切權利。

已經開始建置於 2020/10/12 下午 05:05:29。
節點 1 (預設目標) 上的專案 "C:\Users\b1073\Desktop\computerGraphics\MazeVisibility-master\MazeVisibility-master\CMakeFiles\3.18.4\CompilerIdCXX\CompilerIdCXX.vcxproj"。
PrepareForBuild:
  正在建立目錄 "Debug\"。
  正在建立目錄 "Debug\CompilerIdCXX.tlog\"。
InitializeBuildStatus:
  由於指定了 "AlwaysCreate"，因此正在建立 "Debug\CompilerIdCXX.tlog\unsuccessfulbuild"。
ClCompile:
  C:\Program Files (x86)\Microsoft Visual Studio\2019\Community\VC\Tools\MSVC\14.27.29110\bin\HostX64\x64\CL.exe /c /nologo /W0 /WX- /diagnostics:column /Od /D _MBCS /Gm- /EHsc /RTC1 /MDd /GS /fp:precise /Zc:wchar_t /Zc:forScope /Zc:inline /Fo"Debug\\" /Fd"Debug\vc142.pdb" /Gd /TP /FC /errorReport:queue CMakeCXXCompilerId.cpp
  CMakeCXXCompilerId.cpp
Link:
  C:\Program Files (x86)\Microsoft Visual Studio\2019\Community\VC\Tools\MSVC\14.27.29110\bin\HostX64\x64\link.exe /ERRORREPORT:QUEUE /OUT:".\CompilerIdCXX.exe" /INCREMENTAL:NO /NOLOGO kernel32.lib user32.lib gdi32.lib winspool.lib comdlg32.lib advapi32.lib shell32.lib ole32.lib oleaut32.lib uuid.lib odbc32.lib odbccp32.lib /MANIFEST /MANIFESTUAC:"level='asInvoker' uiAccess='false'" /manifest:embed /PDB:".\CompilerIdCXX.pdb" /SUBSYSTEM:CONSOLE /TLBID:1 /DYNAMICBASE /NXCOMPAT /IMPLIB:".\CompilerIdCXX.lib" /MACHINE:X64 Debug\CMakeCXXCompilerId.obj
  CompilerIdCXX.vcxproj -> C:\Users\b1073\Desktop\computerGraphics\MazeVisibility-master\MazeVisibility-master\CMakeFiles\3.18.4\CompilerIdCXX\.\CompilerIdCXX.exe
PostBuildEvent:
  for %%i in (cl.exe) do @echo CMAKE_CXX_COMPILER=%%~$PATH:i
  :VCEnd
  CMAKE_CXX_COMPILER=C:\Program Files (x86)\Microsoft Visual Studio\2019\Community\VC\Tools\MSVC\14.27.29110\bin\Hostx64\x64\cl.exe
FinalizeBuildStatus:
  正在刪除檔案 "Debug\CompilerIdCXX.tlog\unsuccessfulbuild"。
  正在變更時間戳記 "Debug\CompilerIdCXX.tlog\CompilerIdCXX.lastbuildstate"。
專案 "C:\Users\b1073\Desktop\computerGraphics\MazeVisibility-master\MazeVisibility-master\CMakeFiles\3.18.4\CompilerIdCXX\CompilerIdCXX.vcxproj" (預設目標) 建置完成。

建置成功。
    0 個警告
    0 個錯誤

經過時間 00:00:00.55


Compilation of the CXX compiler identification source "CMakeCXXCompilerId.cpp" produced "CompilerIdCXX.exe"

Compilation of the CXX compiler identification source "CMakeCXXCompilerId.cpp" produced "CompilerIdCXX.vcxproj"

The CXX compiler identification is MSVC, found in "C:/Users/b1073/Desktop/computerGraphics/MazeVisibility-master/MazeVisibility-master/CMakeFiles/3.18.4/CompilerIdCXX/CompilerIdCXX.exe"

Detecting C compiler ABI info compiled with the following output:
Change Dir: C:/Users/b1073/Desktop/computerGraphics/MazeVisibility-master/MazeVisibility-master/CMakeFiles/CMakeTmp

Run Build Command(s):C:/Program Files (x86)/Microsoft Visual Studio/2019/Community/MSBuild/Current/Bin/MSBuild.exe cmTC_981c2.vcxproj /p:Configuration=Debug /p:Platform=x64 /p:VisualStudioVersion=16.0 /v:m && Microsoft (R) Build Engine for .NET Framework 16.7.0+b89cb5fde 版
Copyright (C) Microsoft Corporation. 著作權所有，並保留一切權利。

  Microsoft (R) C/C++ Optimizing Compiler Version 19.27.29111 for x64
  CMakeCCompilerABI.c
  Copyright (C) Microsoft Corporation.  著作權所有，並保留一切權利。
  cl /c /Zi /W3 /WX- /diagnostics:column /Od /Ob0 /D WIN32 /D _WINDOWS /D "CMAKE_INTDIR=\"Debug\"" /D _MBCS /Gm- /RTC1 /MDd /GS /fp:precise /Zc:wchar_t /Zc:forScope /Zc:inline /Fo"cmTC_981c2.dir\Debug\\" /Fd"cmTC_981c2.dir\Debug\vc142.pdb" /Gd /TC /errorReport:queue "C:\Users\b1073\Desktop\cmake-3.18.4-win64-x64\share\cmake-3.18\Modules\CMakeCCompilerABI.c"
  cmTC_981c2.vcxproj -> C:\Users\b1073\Desktop\computerGraphics\MazeVisibility-master\MazeVisibility-master\CMakeFiles\CMakeTmp\Debug\cmTC_981c2.exe



Detecting CXX compiler ABI info compiled with the following output:
Change Dir: C:/Users/b1073/Desktop/computerGraphics/MazeVisibility-master/MazeVisibility-master/CMakeFiles/CMakeTmp

Run Build Command(s):C:/Program Files (x86)/Microsoft Visual Studio/2019/Community/MSBuild/Current/Bin/MSBuild.exe cmTC_b64a6.vcxproj /p:Configuration=Debug /p:Platform=x64 /p:VisualStudioVersion=16.0 /v:m && Microsoft (R) Build Engine for .NET Framework 16.7.0+b89cb5fde 版
Copyright (C) Microsoft Corporation. 著作權所有，並保留一切權利。

  Microsoft (R) C/C++ Optimizing Compiler Version 19.27.29111 for x64
  CMakeCXXCompilerABI.cpp
  Copyright (C) Microsoft Corporation.  著作權所有，並保留一切權利。
  cl /c /Zi /W3 /WX- /diagnostics:column /Od /Ob0 /D WIN32 /D _WINDOWS /D "CMAKE_INTDIR=\"Debug\"" /D _MBCS /Gm- /EHsc /RTC1 /MDd /GS /fp:precise /Zc:wchar_t /Zc:forScope /Zc:inline /GR /Fo"cmTC_b64a6.dir\Debug\\" /Fd"cmTC_b64a6.dir\Debug\vc142.pdb" /Gd /TP /errorReport:queue "C:\Users\b1073\Desktop\cmake-3.18.4-win64-x64\share\cmake-3.18\Modules\CMakeCXXCompilerABI.cpp"
  cmTC_b64a6.vcxproj -> C:\Users\b1073\Desktop\computerGraphics\MazeVisibility-master\MazeVisibility-master\CMakeFiles\CMakeTmp\Debug\cmTC_b64a6.exe



