  Maze.cpp
C:\Users\b1073\Desktop\computerGraphics\MazeVisibility-master\MazeVisibility-master\src\Maze.cpp(53,2): warning C4996: 'strcpy': This function or variable may be unsafe. Consider using strcpy_s instead. To disable deprecation, use _CRT_SECURE_NO_WARNINGS. See online help for details.
C:\Users\b1073\Desktop\computerGraphics\MazeVisibility-master\MazeVisibility-master\src\Maze.cpp(132,31): warning C4312: '類型轉換': 將 'int' 轉換為較大的 'Cell *'
C:\Users\b1073\Desktop\computerGraphics\MazeVisibility-master\MazeVisibility-master\src\Maze.cpp(133,31): warning C4312: '類型轉換': 將 'int' 轉換為較大的 'Cell *'
C:\Users\b1073\Desktop\computerGraphics\MazeVisibility-master\MazeVisibility-master\src\Maze.cpp(138,72): warning C4244: '=': 將 'float' 轉換為 'int'，由於類型不同，可能導致資料遺失
C:\Users\b1073\Desktop\computerGraphics\MazeVisibility-master\MazeVisibility-master\src\Maze.cpp(142,70): warning C4244: '=': 將 'float' 轉換為 'int'，由於類型不同，可能導致資料遺失
C:\Users\b1073\Desktop\computerGraphics\MazeVisibility-master\MazeVisibility-master\src\Maze.cpp(146,73): warning C4244: '=': 將 'float' 轉換為 'int'，由於類型不同，可能導致資料遺失
C:\Users\b1073\Desktop\computerGraphics\MazeVisibility-master\MazeVisibility-master\src\Maze.cpp(150,71): warning C4244: '=': 將 'float' 轉換為 'int'，由於類型不同，可能導致資料遺失
C:\Users\b1073\Desktop\computerGraphics\MazeVisibility-master\MazeVisibility-master\src\Maze.cpp(154,19): warning C4244: '=': 將 'double' 轉換為 'int'，由於類型不同，可能導致資料遺失
C:\Users\b1073\Desktop\computerGraphics\MazeVisibility-master\MazeVisibility-master\src\Maze.cpp(200,52): warning C4312: '類型轉換': 將 'int' 轉換為較大的 'Cell *'
C:\Users\b1073\Desktop\computerGraphics\MazeVisibility-master\MazeVisibility-master\src\Maze.cpp(202,57): warning C4312: '類型轉換': 將 'int' 轉換為較大的 'Cell *'
C:\Users\b1073\Desktop\computerGraphics\MazeVisibility-master\MazeVisibility-master\src\Maze.cpp(213,52): warning C4312: '類型轉換': 將 'int' 轉換為較大的 'Cell *'
C:\Users\b1073\Desktop\computerGraphics\MazeVisibility-master\MazeVisibility-master\src\Maze.cpp(215,57): warning C4312: '類型轉換': 將 'int' 轉換為較大的 'Cell *'
C:\Users\b1073\Desktop\computerGraphics\MazeVisibility-master\MazeVisibility-master\src\Maze.cpp(225,52): warning C4312: '類型轉換': 將 'int' 轉換為較大的 'Cell *'
C:\Users\b1073\Desktop\computerGraphics\MazeVisibility-master\MazeVisibility-master\src\Maze.cpp(227,57): warning C4312: '類型轉換': 將 'int' 轉換為較大的 'Cell *'
C:\Users\b1073\Desktop\computerGraphics\MazeVisibility-master\MazeVisibility-master\src\Maze.cpp(237,52): warning C4312: '類型轉換': 將 'int' 轉換為較大的 'Cell *'
C:\Users\b1073\Desktop\computerGraphics\MazeVisibility-master\MazeVisibility-master\src\Maze.cpp(239,57): warning C4312: '類型轉換': 將 'int' 轉換為較大的 'Cell *'
C:\Users\b1073\Desktop\computerGraphics\MazeVisibility-master\MazeVisibility-master\src\Maze.cpp(97,12): warning C4996: 'fopen': This function or variable may be unsafe. Consider using fopen_s instead. To disable deprecation, use _CRT_SECURE_NO_WARNINGS. See online help for details.
C:\Users\b1073\Desktop\computerGraphics\MazeVisibility-master\MazeVisibility-master\src\Maze.cpp(101,6): warning C4996: 'fscanf': This function or variable may be unsafe. Consider using fscanf_s instead. To disable deprecation, use _CRT_SECURE_NO_WARNINGS. See online help for details.
C:\Users\b1073\Desktop\computerGraphics\MazeVisibility-master\MazeVisibility-master\src\Maze.cpp(108,7): warning C4996: 'fscanf': This function or variable may be unsafe. Consider using fscanf_s instead. To disable deprecation, use _CRT_SECURE_NO_WARNINGS. See online help for details.
C:\Users\b1073\Desktop\computerGraphics\MazeVisibility-master\MazeVisibility-master\src\Maze.cpp(109,4): warning C4996: 'sprintf': This function or variable may be unsafe. Consider using sprintf_s instead. To disable deprecation, use _CRT_SECURE_NO_WARNINGS. See online help for details.
C:\Users\b1073\Desktop\computerGraphics\MazeVisibility-master\MazeVisibility-master\src\Maze.cpp(116,6): warning C4996: 'fscanf': This function or variable may be unsafe. Consider using fscanf_s instead. To disable deprecation, use _CRT_SECURE_NO_WARNINGS. See online help for details.
C:\Users\b1073\Desktop\computerGraphics\MazeVisibility-master\MazeVisibility-master\src\Maze.cpp(126,7): warning C4996: 'fscanf': This function or variable may be unsafe. Consider using fscanf_s instead. To disable deprecation, use _CRT_SECURE_NO_WARNINGS. See online help for details.
C:\Users\b1073\Desktop\computerGraphics\MazeVisibility-master\MazeVisibility-master\src\Maze.cpp(128,4): warning C4996: 'sprintf': This function or variable may be unsafe. Consider using sprintf_s instead. To disable deprecation, use _CRT_SECURE_NO_WARNINGS. See online help for details.
C:\Users\b1073\Desktop\computerGraphics\MazeVisibility-master\MazeVisibility-master\src\Maze.cpp(183,6): warning C4996: 'fscanf': This function or variable may be unsafe. Consider using fscanf_s instead. To disable deprecation, use _CRT_SECURE_NO_WARNINGS. See online help for details.
C:\Users\b1073\Desktop\computerGraphics\MazeVisibility-master\MazeVisibility-master\src\Maze.cpp(191,7): warning C4996: 'fscanf': This function or variable may be unsafe. Consider using fscanf_s instead. To disable deprecation, use _CRT_SECURE_NO_WARNINGS. See online help for details.
C:\Users\b1073\Desktop\computerGraphics\MazeVisibility-master\MazeVisibility-master\src\Maze.cpp(192,4): warning C4996: 'sprintf': This function or variable may be unsafe. Consider using sprintf_s instead. To disable deprecation, use _CRT_SECURE_NO_WARNINGS. See online help for details.
C:\Users\b1073\Desktop\computerGraphics\MazeVisibility-master\MazeVisibility-master\src\Maze.cpp(205,5): warning C4996: 'sprintf': This function or variable may be unsafe. Consider using sprintf_s instead. To disable deprecation, use _CRT_SECURE_NO_WARNINGS. See online help for details.
C:\Users\b1073\Desktop\computerGraphics\MazeVisibility-master\MazeVisibility-master\src\Maze.cpp(218,5): warning C4996: 'sprintf': This function or variable may be unsafe. Consider using sprintf_s instead. To disable deprecation, use _CRT_SECURE_NO_WARNINGS. See online help for details.
C:\Users\b1073\Desktop\computerGraphics\MazeVisibility-master\MazeVisibility-master\src\Maze.cpp(230,5): warning C4996: 'sprintf': This function or variable may be unsafe. Consider using sprintf_s instead. To disable deprecation, use _CRT_SECURE_NO_WARNINGS. See online help for details.
C:\Users\b1073\Desktop\computerGraphics\MazeVisibility-master\MazeVisibility-master\src\Maze.cpp(242,5): warning C4996: 'sprintf': This function or variable may be unsafe. Consider using sprintf_s instead. To disable deprecation, use _CRT_SECURE_NO_WARNINGS. See online help for details.
C:\Users\b1073\Desktop\computerGraphics\MazeVisibility-master\MazeVisibility-master\src\Maze.cpp(250,6): warning C4996: 'fscanf': This function or variable may be unsafe. Consider using fscanf_s instead. To disable deprecation, use _CRT_SECURE_NO_WARNINGS. See online help for details.
C:\Users\b1073\Desktop\computerGraphics\MazeVisibility-master\MazeVisibility-master\src\Maze.cpp(434,12): warning C4244: '引數': 將 'time_t' 轉換為 'unsigned int'，由於類型不同，可能導致資料遺失
C:\Users\b1073\Desktop\computerGraphics\MazeVisibility-master\MazeVisibility-master\src\Maze.cpp(846,43): warning C4838: 從 'double' 到 'float' 的轉換必須是縮小轉換
C:\Users\b1073\Desktop\computerGraphics\MazeVisibility-master\MazeVisibility-master\src\Maze.cpp(846,43): warning C4244: '正在初始化': 將 'double' 轉換為 'float'，由於類型不同，可能導致資料遺失
C:\Users\b1073\Desktop\computerGraphics\MazeVisibility-master\MazeVisibility-master\src\Maze.cpp(846,60): warning C4838: 從 'double' 到 'float' 的轉換必須是縮小轉換
C:\Users\b1073\Desktop\computerGraphics\MazeVisibility-master\MazeVisibility-master\src\Maze.cpp(846,60): warning C4244: '正在初始化': 將 'double' 轉換為 'float'，由於類型不同，可能導致資料遺失
C:\Users\b1073\Desktop\computerGraphics\MazeVisibility-master\MazeVisibility-master\src\Maze.cpp(847,41): warning C4838: 從 'double' 到 'float' 的轉換必須是縮小轉換
C:\Users\b1073\Desktop\computerGraphics\MazeVisibility-master\MazeVisibility-master\src\Maze.cpp(847,41): warning C4244: '正在初始化': 將 'double' 轉換為 'float'，由於類型不同，可能導致資料遺失
C:\Users\b1073\Desktop\computerGraphics\MazeVisibility-master\MazeVisibility-master\src\Maze.cpp(847,58): warning C4838: 從 'double' 到 'float' 的轉換必須是縮小轉換
C:\Users\b1073\Desktop\computerGraphics\MazeVisibility-master\MazeVisibility-master\src\Maze.cpp(847,58): warning C4244: '正在初始化': 將 'double' 轉換為 'float'，由於類型不同，可能導致資料遺失
C:\Users\b1073\Desktop\computerGraphics\MazeVisibility-master\MazeVisibility-master\src\Maze.cpp(900,44): warning C4838: 從 'double' 到 'float' 的轉換必須是縮小轉換
C:\Users\b1073\Desktop\computerGraphics\MazeVisibility-master\MazeVisibility-master\src\Maze.cpp(900,44): warning C4244: '正在初始化': 將 'double' 轉換為 'float'，由於類型不同，可能導致資料遺失
C:\Users\b1073\Desktop\computerGraphics\MazeVisibility-master\MazeVisibility-master\src\Maze.cpp(900,62): warning C4838: 從 'double' 到 'float' 的轉換必須是縮小轉換
C:\Users\b1073\Desktop\computerGraphics\MazeVisibility-master\MazeVisibility-master\src\Maze.cpp(900,62): warning C4244: '正在初始化': 將 'double' 轉換為 'float'，由於類型不同，可能導致資料遺失
C:\Users\b1073\Desktop\computerGraphics\MazeVisibility-master\MazeVisibility-master\src\Maze.cpp(901,42): warning C4838: 從 'double' 到 'float' 的轉換必須是縮小轉換
C:\Users\b1073\Desktop\computerGraphics\MazeVisibility-master\MazeVisibility-master\src\Maze.cpp(901,42): warning C4244: '正在初始化': 將 'double' 轉換為 'float'，由於類型不同，可能導致資料遺失
C:\Users\b1073\Desktop\computerGraphics\MazeVisibility-master\MazeVisibility-master\src\Maze.cpp(901,60): warning C4838: 從 'double' 到 'float' 的轉換必須是縮小轉換
C:\Users\b1073\Desktop\computerGraphics\MazeVisibility-master\MazeVisibility-master\src\Maze.cpp(901,60): warning C4244: '正在初始化': 將 'double' 轉換為 'float'，由於類型不同，可能導致資料遺失
C:\Users\b1073\Desktop\computerGraphics\MazeVisibility-master\MazeVisibility-master\src\Maze.cpp(976,29): warning C4244: '引數': 將 'double' 轉換為 'float'，由於類型不同，可能導致資料遺失
C:\Users\b1073\Desktop\computerGraphics\MazeVisibility-master\MazeVisibility-master\src\Maze.cpp(976,25): warning C4244: '引數': 將 'double' 轉換為 'float'，由於類型不同，可能導致資料遺失
C:\Users\b1073\Desktop\computerGraphics\MazeVisibility-master\MazeVisibility-master\src\Maze.cpp(976,21): warning C4244: '引數': 將 'double' 轉換為 'float'，由於類型不同，可能導致資料遺失
C:\Users\b1073\Desktop\computerGraphics\MazeVisibility-master\MazeVisibility-master\src\Maze.cpp(976,17): warning C4244: '引數': 將 'double' 轉換為 'float'，由於類型不同，可能導致資料遺失
C:\Users\b1073\Desktop\computerGraphics\MazeVisibility-master\MazeVisibility-master\src\Maze.cpp(1021,95): warning C4244: '引數': 將 'double' 轉換為 'float'，由於類型不同，可能導致資料遺失
C:\Users\b1073\Desktop\computerGraphics\MazeVisibility-master\MazeVisibility-master\src\Maze.cpp(1021,74): warning C4244: '引數': 將 'double' 轉換為 'float'，由於類型不同，可能導致資料遺失
C:\Users\b1073\Desktop\computerGraphics\MazeVisibility-master\MazeVisibility-master\src\Maze.cpp(1021,53): warning C4244: '引數': 將 'double' 轉換為 'float'，由於類型不同，可能導致資料遺失
C:\Users\b1073\Desktop\computerGraphics\MazeVisibility-master\MazeVisibility-master\src\Maze.cpp(1021,32): warning C4244: '引數': 將 'double' 轉換為 'float'，由於類型不同，可能導致資料遺失
C:\Users\b1073\Desktop\computerGraphics\MazeVisibility-master\MazeVisibility-master\src\Maze.cpp(1084,64): warning C4244: '引數': 將 'double' 轉換為 'float'，由於類型不同，可能導致資料遺失
C:\Users\b1073\Desktop\computerGraphics\MazeVisibility-master\MazeVisibility-master\src\Maze.cpp(1084,52): warning C4244: '引數': 將 'double' 轉換為 'float'，由於類型不同，可能導致資料遺失
C:\Users\b1073\Desktop\computerGraphics\MazeVisibility-master\MazeVisibility-master\src\Maze.cpp(1084,40): warning C4244: '引數': 將 'double' 轉換為 'float'，由於類型不同，可能導致資料遺失
C:\Users\b1073\Desktop\computerGraphics\MazeVisibility-master\MazeVisibility-master\src\Maze.cpp(1084,28): warning C4244: '引數': 將 'double' 轉換為 'float'，由於類型不同，可能導致資料遺失
C:\Users\b1073\Desktop\computerGraphics\MazeVisibility-master\MazeVisibility-master\src\Maze.cpp(1085,60): warning C4244: '引數': 將 'double' 轉換為 'float'，由於類型不同，可能導致資料遺失
C:\Users\b1073\Desktop\computerGraphics\MazeVisibility-master\MazeVisibility-master\src\Maze.cpp(1085,42): warning C4244: '引數': 將 'double' 轉換為 'float'，由於類型不同，可能導致資料遺失
C:\Users\b1073\Desktop\computerGraphics\MazeVisibility-master\MazeVisibility-master\src\Maze.cpp(1085,32): warning C4244: '引數': 將 'const double' 轉換為 'float'，由於類型不同，可能導致資料遺失
C:\Users\b1073\Desktop\computerGraphics\MazeVisibility-master\MazeVisibility-master\src\Maze.cpp(1085,24): warning C4244: '引數': 將 'const double' 轉換為 'float'，由於類型不同，可能導致資料遺失
C:\Users\b1073\Desktop\computerGraphics\MazeVisibility-master\MazeVisibility-master\src\Maze.cpp(1086,62): warning C4244: '引數': 將 'double' 轉換為 'float'，由於類型不同，可能導致資料遺失
C:\Users\b1073\Desktop\computerGraphics\MazeVisibility-master\MazeVisibility-master\src\Maze.cpp(1086,43): warning C4244: '引數': 將 'double' 轉換為 'float'，由於類型不同，可能導致資料遺失
C:\Users\b1073\Desktop\computerGraphics\MazeVisibility-master\MazeVisibility-master\src\Maze.cpp(1086,33): warning C4244: '引數': 將 'const double' 轉換為 'float'，由於類型不同，可能導致資料遺失
C:\Users\b1073\Desktop\computerGraphics\MazeVisibility-master\MazeVisibility-master\src\Maze.cpp(1086,25): warning C4244: '引數': 將 'const double' 轉換為 'float'，由於類型不同，可能導致資料遺失
C:\Users\b1073\Desktop\computerGraphics\MazeVisibility-master\MazeVisibility-master\src\Maze.cpp(1133,77): warning C4244: '引數': 將 'double' 轉換為 'GLfloat'，由於類型不同，可能導致資料遺失
C:\Users\b1073\Desktop\computerGraphics\MazeVisibility-master\MazeVisibility-master\src\Maze.cpp(1133,62): warning C4244: '引數': 將 'double' 轉換為 'GLfloat'，由於類型不同，可能導致資料遺失
C:\Users\b1073\Desktop\computerGraphics\MazeVisibility-master\MazeVisibility-master\src\Maze.cpp(1133,47): warning C4244: '引數': 將 'double' 轉換為 'GLfloat'，由於類型不同，可能導致資料遺失
C:\Users\b1073\Desktop\computerGraphics\MazeVisibility-master\MazeVisibility-master\src\Maze.cpp(1133,27): warning C4244: '引數': 將 'double' 轉換為 'GLfloat'，由於類型不同，可能導致資料遺失
C:\Users\b1073\Desktop\computerGraphics\MazeVisibility-master\MazeVisibility-master\src\Maze.cpp(1185,63): warning C4244: '引數': 將 'double' 轉換為 'GLfloat'，由於類型不同，可能導致資料遺失
C:\Users\b1073\Desktop\computerGraphics\MazeVisibility-master\MazeVisibility-master\src\Maze.cpp(1185,30): warning C4244: '引數': 將 'double' 轉換為 'GLfloat'，由於類型不同，可能導致資料遺失
C:\Users\b1073\Desktop\computerGraphics\MazeVisibility-master\MazeVisibility-master\src\Maze.cpp(1326,12): warning C4996: 'fopen': This function or variable may be unsafe. Consider using fopen_s instead. To disable deprecation, use _CRT_SECURE_NO_WARNINGS. See online help for details.
  MazeVisibility.vcxproj -> C:\Users\b1073\Desktop\computerGraphics\MazeVisibility-master\MazeVisibility-master\Release\MazeVisibility.exe
