  Building Custom Rule C:/Users/b1073/Desktop/computerGraphics/MazeVisibility-master/MazeVisibility-master/CMakeLists.txt
  MapWidget.cpp
  Maze.cpp
C:\Users\b1073\Desktop\computerGraphics\MazeVisibility-master\MazeVisibility-master\src\Maze.cpp(45,2): warning C4996: 'strcpy': This function or variable may be unsafe. Consider using strcpy_s instead. To disable deprecation, use _CRT_SECURE_NO_WARNINGS. See online help for details.
C:\Users\b1073\Desktop\computerGraphics\MazeVisibility-master\MazeVisibility-master\src\Maze.cpp(122,31): warning C4312: '類型轉換': 將 'int' 轉換為較大的 'Cell *'
C:\Users\b1073\Desktop\computerGraphics\MazeVisibility-master\MazeVisibility-master\src\Maze.cpp(123,31): warning C4312: '類型轉換': 將 'int' 轉換為較大的 'Cell *'
C:\Users\b1073\Desktop\computerGraphics\MazeVisibility-master\MazeVisibility-master\src\Maze.cpp(145,54): warning C4312: '類型轉換': 將 'int' 轉換為較大的 'Cell *'
C:\Users\b1073\Desktop\computerGraphics\MazeVisibility-master\MazeVisibility-master\src\Maze.cpp(147,59): warning C4312: '類型轉換': 將 'int' 轉換為較大的 'Cell *'
C:\Users\b1073\Desktop\computerGraphics\MazeVisibility-master\MazeVisibility-master\src\Maze.cpp(158,54): warning C4312: '類型轉換': 將 'int' 轉換為較大的 'Cell *'
C:\Users\b1073\Desktop\computerGraphics\MazeVisibility-master\MazeVisibility-master\src\Maze.cpp(160,59): warning C4312: '類型轉換': 將 'int' 轉換為較大的 'Cell *'
C:\Users\b1073\Desktop\computerGraphics\MazeVisibility-master\MazeVisibility-master\src\Maze.cpp(170,54): warning C4312: '類型轉換': 將 'int' 轉換為較大的 'Cell *'
C:\Users\b1073\Desktop\computerGraphics\MazeVisibility-master\MazeVisibility-master\src\Maze.cpp(172,59): warning C4312: '類型轉換': 將 'int' 轉換為較大的 'Cell *'
C:\Users\b1073\Desktop\computerGraphics\MazeVisibility-master\MazeVisibility-master\src\Maze.cpp(182,54): warning C4312: '類型轉換': 將 'int' 轉換為較大的 'Cell *'
C:\Users\b1073\Desktop\computerGraphics\MazeVisibility-master\MazeVisibility-master\src\Maze.cpp(184,59): warning C4312: '類型轉換': 將 'int' 轉換為較大的 'Cell *'
C:\Users\b1073\Desktop\computerGraphics\MazeVisibility-master\MazeVisibility-master\src\Maze.cpp(89,15): warning C4996: 'fopen': This function or variable may be unsafe. Consider using fopen_s instead. To disable deprecation, use _CRT_SECURE_NO_WARNINGS. See online help for details.
C:\Users\b1073\Desktop\computerGraphics\MazeVisibility-master\MazeVisibility-master\src\Maze.cpp(93,7): warning C4996: 'fscanf': This function or variable may be unsafe. Consider using fscanf_s instead. To disable deprecation, use _CRT_SECURE_NO_WARNINGS. See online help for details.
C:\Users\b1073\Desktop\computerGraphics\MazeVisibility-master\MazeVisibility-master\src\Maze.cpp(100,8): warning C4996: 'fscanf': This function or variable may be unsafe. Consider using fscanf_s instead. To disable deprecation, use _CRT_SECURE_NO_WARNINGS. See online help for details.
C:\Users\b1073\Desktop\computerGraphics\MazeVisibility-master\MazeVisibility-master\src\Maze.cpp(101,4): warning C4996: 'sprintf': This function or variable may be unsafe. Consider using sprintf_s instead. To disable deprecation, use _CRT_SECURE_NO_WARNINGS. See online help for details.
C:\Users\b1073\Desktop\computerGraphics\MazeVisibility-master\MazeVisibility-master\src\Maze.cpp(108,7): warning C4996: 'fscanf': This function or variable may be unsafe. Consider using fscanf_s instead. To disable deprecation, use _CRT_SECURE_NO_WARNINGS. See online help for details.
C:\Users\b1073\Desktop\computerGraphics\MazeVisibility-master\MazeVisibility-master\src\Maze.cpp(116,8): warning C4996: 'fscanf': This function or variable may be unsafe. Consider using fscanf_s instead. To disable deprecation, use _CRT_SECURE_NO_WARNINGS. See online help for details.
C:\Users\b1073\Desktop\computerGraphics\MazeVisibility-master\MazeVisibility-master\src\Maze.cpp(118,4): warning C4996: 'sprintf': This function or variable may be unsafe. Consider using sprintf_s instead. To disable deprecation, use _CRT_SECURE_NO_WARNINGS. See online help for details.
C:\Users\b1073\Desktop\computerGraphics\MazeVisibility-master\MazeVisibility-master\src\Maze.cpp(128,7): warning C4996: 'fscanf': This function or variable may be unsafe. Consider using fscanf_s instead. To disable deprecation, use _CRT_SECURE_NO_WARNINGS. See online help for details.
C:\Users\b1073\Desktop\computerGraphics\MazeVisibility-master\MazeVisibility-master\src\Maze.cpp(136,8): warning C4996: 'fscanf': This function or variable may be unsafe. Consider using fscanf_s instead. To disable deprecation, use _CRT_SECURE_NO_WARNINGS. See online help for details.
C:\Users\b1073\Desktop\computerGraphics\MazeVisibility-master\MazeVisibility-master\src\Maze.cpp(137,4): warning C4996: 'sprintf': This function or variable may be unsafe. Consider using sprintf_s instead. To disable deprecation, use _CRT_SECURE_NO_WARNINGS. See online help for details.
C:\Users\b1073\Desktop\computerGraphics\MazeVisibility-master\MazeVisibility-master\src\Maze.cpp(150,5): warning C4996: 'sprintf': This function or variable may be unsafe. Consider using sprintf_s instead. To disable deprecation, use _CRT_SECURE_NO_WARNINGS. See online help for details.
C:\Users\b1073\Desktop\computerGraphics\MazeVisibility-master\MazeVisibility-master\src\Maze.cpp(163,5): warning C4996: 'sprintf': This function or variable may be unsafe. Consider using sprintf_s instead. To disable deprecation, use _CRT_SECURE_NO_WARNINGS. See online help for details.
C:\Users\b1073\Desktop\computerGraphics\MazeVisibility-master\MazeVisibility-master\src\Maze.cpp(175,5): warning C4996: 'sprintf': This function or variable may be unsafe. Consider using sprintf_s instead. To disable deprecation, use _CRT_SECURE_NO_WARNINGS. See online help for details.
C:\Users\b1073\Desktop\computerGraphics\MazeVisibility-master\MazeVisibility-master\src\Maze.cpp(187,5): warning C4996: 'sprintf': This function or variable may be unsafe. Consider using sprintf_s instead. To disable deprecation, use _CRT_SECURE_NO_WARNINGS. See online help for details.
C:\Users\b1073\Desktop\computerGraphics\MazeVisibility-master\MazeVisibility-master\src\Maze.cpp(195,7): warning C4996: 'fscanf': This function or variable may be unsafe. Consider using fscanf_s instead. To disable deprecation, use _CRT_SECURE_NO_WARNINGS. See online help for details.
C:\Users\b1073\Desktop\computerGraphics\MazeVisibility-master\MazeVisibility-master\src\Maze.cpp(379,12): warning C4244: '引數': 將 'time_t' 轉換為 'unsigned int'，由於類型不同，可能導致資料遺失
C:\Users\b1073\Desktop\computerGraphics\MazeVisibility-master\MazeVisibility-master\src\Maze.cpp(808,15): warning C4996: 'fopen': This function or variable may be unsafe. Consider using fopen_s instead. To disable deprecation, use _CRT_SECURE_NO_WARNINGS. See online help for details.
  MazeWindow.cpp
  RunMaze.cpp
  正在產生程式碼...
fltk_gld.lib(Fl_Gl_Window.obj) : warning LNK4099: 找不到 PDB 'fltk_gl.pdb' (有 'fltk_gld.lib(Fl_Gl_Window.obj)' 或位於 'C:\Users\b1073\Desktop\computerGraphics\MazeVisibility-master\MazeVisibility-master\Debug\fltk_gl.pdb')，當做沒有偵錯資訊，連結物件
fltk_gld.lib(Fl_Gl_Choice.obj) : warning LNK4099: 找不到 PDB 'fltk_gl.pdb' (有 'fltk_gld.lib(Fl_Gl_Choice.obj)' 或位於 'C:\Users\b1073\Desktop\computerGraphics\MazeVisibility-master\MazeVisibility-master\Debug\fltk_gl.pdb')，當做沒有偵錯資訊，連結物件
fltk_gld.lib(Fl_Gl_Device_Plugin.obj) : warning LNK4099: 找不到 PDB 'fltk_gl.pdb' (有 'fltk_gld.lib(Fl_Gl_Device_Plugin.obj)' 或位於 'C:\Users\b1073\Desktop\computerGraphics\MazeVisibility-master\MazeVisibility-master\Debug\fltk_gl.pdb')，當做沒有偵錯資訊，連結物件
fltk_gld.lib(gl_draw.obj) : warning LNK4099: 找不到 PDB 'fltk_gl.pdb' (有 'fltk_gld.lib(gl_draw.obj)' 或位於 'C:\Users\b1073\Desktop\computerGraphics\MazeVisibility-master\MazeVisibility-master\Debug\fltk_gl.pdb')，當做沒有偵錯資訊，連結物件
fltkd.lib(Fl_Widget.obj) : warning LNK4099: 找不到 PDB 'fltk.pdb' (有 'fltkd.lib(Fl_Widget.obj)' 或位於 'C:\Users\b1073\Desktop\computerGraphics\MazeVisibility-master\MazeVisibility-master\Debug\fltk.pdb')，當做沒有偵錯資訊，連結物件
fltkd.lib(Fl.obj) : warning LNK4099: 找不到 PDB 'fltk.pdb' (有 'fltkd.lib(Fl.obj)' 或位於 'C:\Users\b1073\Desktop\computerGraphics\MazeVisibility-master\MazeVisibility-master\Debug\fltk.pdb')，當做沒有偵錯資訊，連結物件
fltkd.lib(Fl_Window.obj) : warning LNK4099: 找不到 PDB 'fltk.pdb' (有 'fltkd.lib(Fl_Window.obj)' 或位於 'C:\Users\b1073\Desktop\computerGraphics\MazeVisibility-master\MazeVisibility-master\Debug\fltk.pdb')，當做沒有偵錯資訊，連結物件
fltkd.lib(Fl_Device.obj) : warning LNK4099: 找不到 PDB 'fltk.pdb' (有 'fltkd.lib(Fl_Device.obj)' 或位於 'C:\Users\b1073\Desktop\computerGraphics\MazeVisibility-master\MazeVisibility-master\Debug\fltk.pdb')，當做沒有偵錯資訊，連結物件
fltkd.lib(Fl_visual.obj) : warning LNK4099: 找不到 PDB 'fltk.pdb' (有 'fltkd.lib(Fl_visual.obj)' 或位於 'C:\Users\b1073\Desktop\computerGraphics\MazeVisibility-master\MazeVisibility-master\Debug\fltk.pdb')，當做沒有偵錯資訊，連結物件
fltkd.lib(fl_ask.obj) : warning LNK4099: 找不到 PDB 'fltk.pdb' (有 'fltkd.lib(fl_ask.obj)' 或位於 'C:\Users\b1073\Desktop\computerGraphics\MazeVisibility-master\MazeVisibility-master\Debug\fltk.pdb')，當做沒有偵錯資訊，連結物件
fltkd.lib(Fl_Group.obj) : warning LNK4099: 找不到 PDB 'fltk.pdb' (有 'fltkd.lib(Fl_Group.obj)' 或位於 'C:\Users\b1073\Desktop\computerGraphics\MazeVisibility-master\MazeVisibility-master\Debug\fltk.pdb')，當做沒有偵錯資訊，連結物件
fltkd.lib(Fl_Button.obj) : warning LNK4099: 找不到 PDB 'fltk.pdb' (有 'fltkd.lib(Fl_Button.obj)' 或位於 'C:\Users\b1073\Desktop\computerGraphics\MazeVisibility-master\MazeVisibility-master\Debug\fltk.pdb')，當做沒有偵錯資訊，連結物件
fltkd.lib(fl_utf8.obj) : warning LNK4099: 找不到 PDB 'fltk.pdb' (有 'fltkd.lib(fl_utf8.obj)' 或位於 'C:\Users\b1073\Desktop\computerGraphics\MazeVisibility-master\MazeVisibility-master\Debug\fltk.pdb')，當做沒有偵錯資訊，連結物件
fltkd.lib(Fl_abort.obj) : warning LNK4099: 找不到 PDB 'fltk.pdb' (有 'fltkd.lib(Fl_abort.obj)' 或位於 'C:\Users\b1073\Desktop\computerGraphics\MazeVisibility-master\MazeVisibility-master\Debug\fltk.pdb')，當做沒有偵錯資訊，連結物件
fltkd.lib(fl_color.obj) : warning LNK4099: 找不到 PDB 'fltk.pdb' (有 'fltkd.lib(fl_color.obj)' 或位於 'C:\Users\b1073\Desktop\computerGraphics\MazeVisibility-master\MazeVisibility-master\Debug\fltk.pdb')，當做沒有偵錯資訊，連結物件
fltkd.lib(Fl_Image.obj) : warning LNK4099: 找不到 PDB 'fltk.pdb' (有 'fltkd.lib(Fl_Image.obj)' 或位於 'C:\Users\b1073\Desktop\computerGraphics\MazeVisibility-master\MazeVisibility-master\Debug\fltk.pdb')，當做沒有偵錯資訊，連結物件
fltkd.lib(Fl_Preferences.obj) : warning LNK4099: 找不到 PDB 'fltk.pdb' (有 'fltkd.lib(Fl_Preferences.obj)' 或位於 'C:\Users\b1073\Desktop\computerGraphics\MazeVisibility-master\MazeVisibility-master\Debug\fltk.pdb')，當做沒有偵錯資訊，連結物件
fltkd.lib(fl_utf.obj) : warning LNK4099: 找不到 PDB 'fltk.pdb' (有 'fltkd.lib(fl_utf.obj)' 或位於 'C:\Users\b1073\Desktop\computerGraphics\MazeVisibility-master\MazeVisibility-master\Debug\fltk.pdb')，當做沒有偵錯資訊，連結物件
fltkd.lib(fl_font.obj) : warning LNK4099: 找不到 PDB 'fltk.pdb' (有 'fltkd.lib(fl_font.obj)' 或位於 'C:\Users\b1073\Desktop\computerGraphics\MazeVisibility-master\MazeVisibility-master\Debug\fltk.pdb')，當做沒有偵錯資訊，連結物件
fltkd.lib(fl_draw.obj) : warning LNK4099: 找不到 PDB 'fltk.pdb' (有 'fltkd.lib(fl_draw.obj)' 或位於 'C:\Users\b1073\Desktop\computerGraphics\MazeVisibility-master\MazeVisibility-master\Debug\fltk.pdb')，當做沒有偵錯資訊，連結物件
fltkd.lib(fl_boxtype.obj) : warning LNK4099: 找不到 PDB 'fltk.pdb' (有 'fltkd.lib(fl_boxtype.obj)' 或位於 'C:\Users\b1073\Desktop\computerGraphics\MazeVisibility-master\MazeVisibility-master\Debug\fltk.pdb')，當做沒有偵錯資訊，連結物件
fltkd.lib(screen_xywh.obj) : warning LNK4099: 找不到 PDB 'fltk.pdb' (有 'fltkd.lib(screen_xywh.obj)' 或位於 'C:\Users\b1073\Desktop\computerGraphics\MazeVisibility-master\MazeVisibility-master\Debug\fltk.pdb')，當做沒有偵錯資訊，連結物件
fltkd.lib(Fl_lock.obj) : warning LNK4099: 找不到 PDB 'fltk.pdb' (有 'fltkd.lib(Fl_lock.obj)' 或位於 'C:\Users\b1073\Desktop\computerGraphics\MazeVisibility-master\MazeVisibility-master\Debug\fltk.pdb')，當做沒有偵錯資訊，連結物件
fltkd.lib(Fl_compose.obj) : warning LNK4099: 找不到 PDB 'fltk.pdb' (有 'fltkd.lib(Fl_compose.obj)' 或位於 'C:\Users\b1073\Desktop\computerGraphics\MazeVisibility-master\MazeVisibility-master\Debug\fltk.pdb')，當做沒有偵錯資訊，連結物件
fltkd.lib(fl_labeltype.obj) : warning LNK4099: 找不到 PDB 'fltk.pdb' (有 'fltkd.lib(fl_labeltype.obj)' 或位於 'C:\Users\b1073\Desktop\computerGraphics\MazeVisibility-master\MazeVisibility-master\Debug\fltk.pdb')，當做沒有偵錯資訊，連結物件
fltkd.lib(Fl_Tooltip.obj) : warning LNK4099: 找不到 PDB 'fltk.pdb' (有 'fltkd.lib(Fl_Tooltip.obj)' 或位於 'C:\Users\b1073\Desktop\computerGraphics\MazeVisibility-master\MazeVisibility-master\Debug\fltk.pdb')，當做沒有偵錯資訊，連結物件
fltkd.lib(Fl_Double_Window.obj) : warning LNK4099: 找不到 PDB 'fltk.pdb' (有 'fltkd.lib(Fl_Double_Window.obj)' 或位於 'C:\Users\b1073\Desktop\computerGraphics\MazeVisibility-master\MazeVisibility-master\Debug\fltk.pdb')，當做沒有偵錯資訊，連結物件
fltkd.lib(fl_rect.obj) : warning LNK4099: 找不到 PDB 'fltk.pdb' (有 'fltkd.lib(fl_rect.obj)' 或位於 'C:\Users\b1073\Desktop\computerGraphics\MazeVisibility-master\MazeVisibility-master\Debug\fltk.pdb')，當做沒有偵錯資訊，連結物件
fltkd.lib(fl_read_image.obj) : warning LNK4099: 找不到 PDB 'fltk.pdb' (有 'fltkd.lib(fl_read_image.obj)' 或位於 'C:\Users\b1073\Desktop\computerGraphics\MazeVisibility-master\MazeVisibility-master\Debug\fltk.pdb')，當做沒有偵錯資訊，連結物件
fltkd.lib(Fl_get_system_colors.obj) : warning LNK4099: 找不到 PDB 'fltk.pdb' (有 'fltkd.lib(Fl_get_system_colors.obj)' 或位於 'C:\Users\b1073\Desktop\computerGraphics\MazeVisibility-master\MazeVisibility-master\Debug\fltk.pdb')，當做沒有偵錯資訊，連結物件
fltkd.lib(Fl_Window_fullscreen.obj) : warning LNK4099: 找不到 PDB 'fltk.pdb' (有 'fltkd.lib(Fl_Window_fullscreen.obj)' 或位於 'C:\Users\b1073\Desktop\computerGraphics\MazeVisibility-master\MazeVisibility-master\Debug\fltk.pdb')，當做沒有偵錯資訊，連結物件
fltkd.lib(fl_dnd.obj) : warning LNK4099: 找不到 PDB 'fltk.pdb' (有 'fltkd.lib(fl_dnd.obj)' 或位於 'C:\Users\b1073\Desktop\computerGraphics\MazeVisibility-master\MazeVisibility-master\Debug\fltk.pdb')，當做沒有偵錯資訊，連結物件
fltkd.lib(Fl_Window_shape.obj) : warning LNK4099: 找不到 PDB 'fltk.pdb' (有 'fltkd.lib(Fl_Window_shape.obj)' 或位於 'C:\Users\b1073\Desktop\computerGraphics\MazeVisibility-master\MazeVisibility-master\Debug\fltk.pdb')，當做沒有偵錯資訊，連結物件
fltkd.lib(fl_line_style.obj) : warning LNK4099: 找不到 PDB 'fltk.pdb' (有 'fltkd.lib(fl_line_style.obj)' 或位於 'C:\Users\b1073\Desktop\computerGraphics\MazeVisibility-master\MazeVisibility-master\Debug\fltk.pdb')，當做沒有偵錯資訊，連結物件
fltkd.lib(fl_vertex.obj) : warning LNK4099: 找不到 PDB 'fltk.pdb' (有 'fltkd.lib(fl_vertex.obj)' 或位於 'C:\Users\b1073\Desktop\computerGraphics\MazeVisibility-master\MazeVisibility-master\Debug\fltk.pdb')，當做沒有偵錯資訊，連結物件
fltkd.lib(fl_curve.obj) : warning LNK4099: 找不到 PDB 'fltk.pdb' (有 'fltkd.lib(fl_curve.obj)' 或位於 'C:\Users\b1073\Desktop\computerGraphics\MazeVisibility-master\MazeVisibility-master\Debug\fltk.pdb')，當做沒有偵錯資訊，連結物件
fltkd.lib(fl_arc.obj) : warning LNK4099: 找不到 PDB 'fltk.pdb' (有 'fltkd.lib(fl_arc.obj)' 或位於 'C:\Users\b1073\Desktop\computerGraphics\MazeVisibility-master\MazeVisibility-master\Debug\fltk.pdb')，當做沒有偵錯資訊，連結物件
fltkd.lib(fl_arci.obj) : warning LNK4099: 找不到 PDB 'fltk.pdb' (有 'fltkd.lib(fl_arci.obj)' 或位於 'C:\Users\b1073\Desktop\computerGraphics\MazeVisibility-master\MazeVisibility-master\Debug\fltk.pdb')，當做沒有偵錯資訊，連結物件
fltkd.lib(Fl_Pixmap.obj) : warning LNK4099: 找不到 PDB 'fltk.pdb' (有 'fltkd.lib(Fl_Pixmap.obj)' 或位於 'C:\Users\b1073\Desktop\computerGraphics\MazeVisibility-master\MazeVisibility-master\Debug\fltk.pdb')，當做沒有偵錯資訊，連結物件
fltkd.lib(Fl_Bitmap.obj) : warning LNK4099: 找不到 PDB 'fltk.pdb' (有 'fltkd.lib(Fl_Bitmap.obj)' 或位於 'C:\Users\b1073\Desktop\computerGraphics\MazeVisibility-master\MazeVisibility-master\Debug\fltk.pdb')，當做沒有偵錯資訊，連結物件
fltkd.lib(fl_draw_image.obj) : warning LNK4099: 找不到 PDB 'fltk.pdb' (有 'fltkd.lib(fl_draw_image.obj)' 或位於 'C:\Users\b1073\Desktop\computerGraphics\MazeVisibility-master\MazeVisibility-master\Debug\fltk.pdb')，當做沒有偵錯資訊，連結物件
fltkd.lib(vsnprintf.obj) : warning LNK4099: 找不到 PDB 'fltk.pdb' (有 'fltkd.lib(vsnprintf.obj)' 或位於 'C:\Users\b1073\Desktop\computerGraphics\MazeVisibility-master\MazeVisibility-master\Debug\fltk.pdb')，當做沒有偵錯資訊，連結物件
fltkd.lib(Fl_grab.obj) : warning LNK4099: 找不到 PDB 'fltk.pdb' (有 'fltkd.lib(Fl_grab.obj)' 或位於 'C:\Users\b1073\Desktop\computerGraphics\MazeVisibility-master\MazeVisibility-master\Debug\fltk.pdb')，當做沒有偵錯資訊，連結物件
fltkd.lib(fl_shortcut.obj) : warning LNK4099: 找不到 PDB 'fltk.pdb' (有 'fltkd.lib(fl_shortcut.obj)' 或位於 'C:\Users\b1073\Desktop\computerGraphics\MazeVisibility-master\MazeVisibility-master\Debug\fltk.pdb')，當做沒有偵錯資訊，連結物件
fltkd.lib(Fl_Box.obj) : warning LNK4099: 找不到 PDB 'fltk.pdb' (有 'fltkd.lib(Fl_Box.obj)' 或位於 'C:\Users\b1073\Desktop\computerGraphics\MazeVisibility-master\MazeVisibility-master\Debug\fltk.pdb')，當做沒有偵錯資訊，連結物件
fltkd.lib(Fl_Return_Button.obj) : warning LNK4099: 找不到 PDB 'fltk.pdb' (有 'fltkd.lib(Fl_Return_Button.obj)' 或位於 'C:\Users\b1073\Desktop\computerGraphics\MazeVisibility-master\MazeVisibility-master\Debug\fltk.pdb')，當做沒有偵錯資訊，連結物件
fltkd.lib(Fl_Window_hotspot.obj) : warning LNK4099: 找不到 PDB 'fltk.pdb' (有 'fltkd.lib(Fl_Window_hotspot.obj)' 或位於 'C:\Users\b1073\Desktop\computerGraphics\MazeVisibility-master\MazeVisibility-master\Debug\fltk.pdb')，當做沒有偵錯資訊，連結物件
fltkd.lib(Fl_Input_.obj) : warning LNK4099: 找不到 PDB 'fltk.pdb' (有 'fltkd.lib(Fl_Input_.obj)' 或位於 'C:\Users\b1073\Desktop\computerGraphics\MazeVisibility-master\MazeVisibility-master\Debug\fltk.pdb')，當做沒有偵錯資訊，連結物件
fltkd.lib(Fl_Input.obj) : warning LNK4099: 找不到 PDB 'fltk.pdb' (有 'fltkd.lib(Fl_Input.obj)' 或位於 'C:\Users\b1073\Desktop\computerGraphics\MazeVisibility-master\MazeVisibility-master\Debug\fltk.pdb')，當做沒有偵錯資訊，連結物件
fltkd.lib(Fl_Menu_.obj) : warning LNK4099: 找不到 PDB 'fltk.pdb' (有 'fltkd.lib(Fl_Menu_.obj)' 或位於 'C:\Users\b1073\Desktop\computerGraphics\MazeVisibility-master\MazeVisibility-master\Debug\fltk.pdb')，當做沒有偵錯資訊，連結物件
fltkd.lib(Fl_Menu_Button.obj) : warning LNK4099: 找不到 PDB 'fltk.pdb' (有 'fltkd.lib(Fl_Menu_Button.obj)' 或位於 'C:\Users\b1073\Desktop\computerGraphics\MazeVisibility-master\MazeVisibility-master\Debug\fltk.pdb')，當做沒有偵錯資訊，連結物件
fltkd.lib(Fl_Repeat_Button.obj) : warning LNK4099: 找不到 PDB 'fltk.pdb' (有 'fltkd.lib(Fl_Repeat_Button.obj)' 或位於 'C:\Users\b1073\Desktop\computerGraphics\MazeVisibility-master\MazeVisibility-master\Debug\fltk.pdb')，當做沒有偵錯資訊，連結物件
fltkd.lib(case.obj) : warning LNK4099: 找不到 PDB 'fltk.pdb' (有 'fltkd.lib(case.obj)' 或位於 'C:\Users\b1073\Desktop\computerGraphics\MazeVisibility-master\MazeVisibility-master\Debug\fltk.pdb')，當做沒有偵錯資訊，連結物件
fltkd.lib(is_spacing.obj) : warning LNK4099: 找不到 PDB 'fltk.pdb' (有 'fltkd.lib(is_spacing.obj)' 或位於 'C:\Users\b1073\Desktop\computerGraphics\MazeVisibility-master\MazeVisibility-master\Debug\fltk.pdb')，當做沒有偵錯資訊，連結物件
fltkd.lib(fl_draw_pixmap.obj) : warning LNK4099: 找不到 PDB 'fltk.pdb' (有 'fltkd.lib(fl_draw_pixmap.obj)' 或位於 'C:\Users\b1073\Desktop\computerGraphics\MazeVisibility-master\MazeVisibility-master\Debug\fltk.pdb')，當做沒有偵錯資訊，連結物件
fltkd.lib(filename_match.obj) : warning LNK4099: 找不到 PDB 'fltk.pdb' (有 'fltkd.lib(filename_match.obj)' 或位於 'C:\Users\b1073\Desktop\computerGraphics\MazeVisibility-master\MazeVisibility-master\Debug\fltk.pdb')，當做沒有偵錯資訊，連結物件
fltkd.lib(numericsort.obj) : warning LNK4099: 找不到 PDB 'fltk.pdb' (有 'fltkd.lib(numericsort.obj)' 或位於 'C:\Users\b1073\Desktop\computerGraphics\MazeVisibility-master\MazeVisibility-master\Debug\fltk.pdb')，當做沒有偵錯資訊，連結物件
fltkd.lib(filename_list.obj) : warning LNK4099: 找不到 PDB 'fltk.pdb' (有 'fltkd.lib(filename_list.obj)' 或位於 'C:\Users\b1073\Desktop\computerGraphics\MazeVisibility-master\MazeVisibility-master\Debug\fltk.pdb')，當做沒有偵錯資訊，連結物件
fltkd.lib(flstring.obj) : warning LNK4099: 找不到 PDB 'fltk.pdb' (有 'fltkd.lib(flstring.obj)' 或位於 'C:\Users\b1073\Desktop\computerGraphics\MazeVisibility-master\MazeVisibility-master\Debug\fltk.pdb')，當做沒有偵錯資訊，連結物件
fltkd.lib(fl_symbols.obj) : warning LNK4099: 找不到 PDB 'fltk.pdb' (有 'fltkd.lib(fl_symbols.obj)' 或位於 'C:\Users\b1073\Desktop\computerGraphics\MazeVisibility-master\MazeVisibility-master\Debug\fltk.pdb')，當做沒有偵錯資訊，連結物件
fltkd.lib(Fl_Menu_Window.obj) : warning LNK4099: 找不到 PDB 'fltk.pdb' (有 'fltkd.lib(Fl_Menu_Window.obj)' 或位於 'C:\Users\b1073\Desktop\computerGraphics\MazeVisibility-master\MazeVisibility-master\Debug\fltk.pdb')，當做沒有偵錯資訊，連結物件
fltkd.lib(Fl_Overlay_Window.obj) : warning LNK4099: 找不到 PDB 'fltk.pdb' (有 'fltkd.lib(Fl_Overlay_Window.obj)' 或位於 'C:\Users\b1073\Desktop\computerGraphics\MazeVisibility-master\MazeVisibility-master\Debug\fltk.pdb')，當做沒有偵錯資訊，連結物件
fltkd.lib(fl_plastic.obj) : warning LNK4099: 找不到 PDB 'fltk.pdb' (有 'fltkd.lib(fl_plastic.obj)' 或位於 'C:\Users\b1073\Desktop\computerGraphics\MazeVisibility-master\MazeVisibility-master\Debug\fltk.pdb')，當做沒有偵錯資訊，連結物件
fltkd.lib(fl_gtk.obj) : warning LNK4099: 找不到 PDB 'fltk.pdb' (有 'fltkd.lib(fl_gtk.obj)' 或位於 'C:\Users\b1073\Desktop\computerGraphics\MazeVisibility-master\MazeVisibility-master\Debug\fltk.pdb')，當做沒有偵錯資訊，連結物件
fltkd.lib(fl_gleam.obj) : warning LNK4099: 找不到 PDB 'fltk.pdb' (有 'fltkd.lib(fl_gleam.obj)' 或位於 'C:\Users\b1073\Desktop\computerGraphics\MazeVisibility-master\MazeVisibility-master\Debug\fltk.pdb')，當做沒有偵錯資訊，連結物件
fltkd.lib(Fl_Tiled_Image.obj) : warning LNK4099: 找不到 PDB 'fltk.pdb' (有 'fltkd.lib(Fl_Tiled_Image.obj)' 或位於 'C:\Users\b1073\Desktop\computerGraphics\MazeVisibility-master\MazeVisibility-master\Debug\fltk.pdb')，當做沒有偵錯資訊，連結物件
fltkd.lib(fl_round_box.obj) : warning LNK4099: 找不到 PDB 'fltk.pdb' (有 'fltkd.lib(fl_round_box.obj)' 或位於 'C:\Users\b1073\Desktop\computerGraphics\MazeVisibility-master\MazeVisibility-master\Debug\fltk.pdb')，當做沒有偵錯資訊，連結物件
fltkd.lib(fl_cursor.obj) : warning LNK4099: 找不到 PDB 'fltk.pdb' (有 'fltkd.lib(fl_cursor.obj)' 或位於 'C:\Users\b1073\Desktop\computerGraphics\MazeVisibility-master\MazeVisibility-master\Debug\fltk.pdb')，當做沒有偵錯資訊，連結物件
fltkd.lib(Fl_Menu.obj) : warning LNK4099: 找不到 PDB 'fltk.pdb' (有 'fltkd.lib(Fl_Menu.obj)' 或位於 'C:\Users\b1073\Desktop\computerGraphics\MazeVisibility-master\MazeVisibility-master\Debug\fltk.pdb')，當做沒有偵錯資訊，連結物件
fltkd.lib(Fl_Menu_add.obj) : warning LNK4099: 找不到 PDB 'fltk.pdb' (有 'fltkd.lib(Fl_Menu_add.obj)' 或位於 'C:\Users\b1073\Desktop\computerGraphics\MazeVisibility-master\MazeVisibility-master\Debug\fltk.pdb')，當做沒有偵錯資訊，連結物件
fltkd.lib(scandir.obj) : warning LNK4099: 找不到 PDB 'fltk.pdb' (有 'fltkd.lib(scandir.obj)' 或位於 'C:\Users\b1073\Desktop\computerGraphics\MazeVisibility-master\MazeVisibility-master\Debug\fltk.pdb')，當做沒有偵錯資訊，連結物件
fltkd.lib(Fl_Single_Window.obj) : warning LNK4099: 找不到 PDB 'fltk.pdb' (有 'fltkd.lib(Fl_Single_Window.obj)' 或位於 'C:\Users\b1073\Desktop\computerGraphics\MazeVisibility-master\MazeVisibility-master\Debug\fltk.pdb')，當做沒有偵錯資訊，連結物件
  MazeVisibility.vcxproj -> C:\Users\b1073\Desktop\computerGraphics\MazeVisibility-master\MazeVisibility-master\Debug\MazeVisibility.exe
